Exporter version: 2.80.1, Blender version: 2.92.0
========= Conversion from Blender to Babylon.js =========
	Scene settings used :
		Inline textures     :  false
		Material Type       :  PBR
		Positions Precision :  4
		Normals Precision   :  3
		UVs Precision       :  3
		Vert Color Precision:  3
		Mat Weight Precision:  2
		Keep Z-up r-handed  :  no
		Texture directory   :  C:\Users\ossam\OneDrive\Desktop\AdvancedJS\JS\BabylonJSGame\models\obstacles\
	Python World class constructor completed
	WARNING: No active camera has been assigned, or is not in a currently selected Blender layer
	processing begun of mesh:  SUV
		processing begun of material:  White
		processing begun of material:  Windows
		processing begun of material:  Black
		processing begun of material:  Grey
		processing begun of material:  Headlights
		processing begun of material:  TailLights
		processing begun of multimaterial:  SUV.Multimaterial#0
		num positions      :  8879
		num normals        :  8879
		num tangents       :  0
		num uvs            :  0
		num uvs2           :  0
		num colors         :  35516
		num triangles      :  3294
========= Writing of JSON file started =========
	writing mesh:  SUV
========= Writing of JSON file completed =========
========= end of processing =========
elapsed time:  0 min, 0.3795 secs
