Exporter version: 2.80.1, Blender version: 2.82 (sub 7)
========= Conversion from Blender to Babylon.js =========
	Scene settings used :
		Inline textures     :  false
		Material Type       :  PBR
		Positions Precision :  4
		Normals Precision   :  3
		UVs Precision       :  3
		Vert Color Precision:  3
		Mat Weight Precision:  2
		Keep Z-up r-handed  :  no
		Texture directory   :  /home/ossama/Desktop/JS/BabylonJSGame/models/
	Python World class constructor completed
	processing begun of camera (UniversalCamera):  Camera
	processing begun of mesh:  Circle.002
		processing begun of material:  Material.001
		processing begun of material:  Material.015
		processing begun of multimaterial:  myMap.Multimaterial#0
		num positions      :  32000
		num normals        :  32000
		num tangents       :  0
		num uvs            :  64000
		num uvs2           :  0
		num colors         :  0
		num triangles      :  19200
	processing begun of light (POINT):  Light
========= Writing of JSON file started =========
	writing mesh:  Circle.002
========= Writing of JSON file completed =========
========= end of processing =========
elapsed time:  0 min, 1.8042 secs
