Exporter version: 2.80.1, Blender version: 2.82 (sub 7)
========= Conversion from Blender to Babylon.js =========
	Scene settings used :
		Inline textures     :  false
		Material Type       :  PBR
		Positions Precision :  4
		Normals Precision   :  3
		UVs Precision       :  3
		Vert Color Precision:  3
		Mat Weight Precision:  2
		Keep Z-up r-handed  :  no
		Texture directory   :  /home/ossama/Desktop/JS/BabylonJSGame/models/
	Python World class constructor completed
	WARNING: No active camera has been assigned, or is not in a currently selected Blender layer
	processing begun of mesh:  Jerrycan
		processing begun of material:  red_032metal
		processing begun of material:  plastic
		processing begun of multimaterial:  jerrycan.Multimaterial#0
		Custom split normals with tangents being used
		num positions      :  74373
		num normals        :  74373
		num tangents       :  297492
		num uvs            :  148746
		num uvs2           :  0
		num colors         :  0
		num triangles      :  30932
		WARNING: # of 0 area faces found:  116
========= Writing of JSON file started =========
	writing mesh:  Jerrycan
========= Writing of JSON file completed =========
========= end of processing =========
elapsed time:  0 min, 3.2779 secs
